2025-07-07 19:25:14,063 [Worker-2: Loading available Gradle versions] INFO  o.e.b.c.i.u.g.PublishedGradleVersions - Gradle version information cache is not available. Remote download required.
2025-07-07 19:31:57,643 [Worker-0: Import Getting Started Content] INFO  o.e.m.c.i.l.LifecycleMappingFactory - Using org.eclipse.m2e.jdt.JarLifecycleMapping lifecycle mapping for MavenProject: com.jobportal:Job_Portal:1.0 @ D:\New folder\GITDEMO\Java Internship\Elevate_Internship_JOBPORTAL\Job_Portal\pom.xml.
2025-07-07 19:31:59,980 [Worker-0: Import Getting Started Content] INFO  o.e.m.j.i.AbstractJavaProjectConfigurator - Adding source folder /Job_Portal/src/main/java
2025-07-07 19:31:59,982 [Worker-0: Import Getting Started Content] INFO  o.e.m.j.i.AbstractJavaProjectConfigurator - Adding resource folder /Job_Portal/src/main/resources
2025-07-07 19:31:59,987 [Worker-0: Import Getting Started Content] INFO  o.e.m.j.i.AbstractJavaProjectConfigurator - Adding resource folder /Job_Portal/src/main/resources
2025-07-07 19:31:59,991 [Worker-0: Import Getting Started Content] INFO  o.e.m.j.i.AbstractJavaProjectConfigurator - Adding source folder /Job_Portal/src/test/java
2025-07-07 19:31:59,993 [Worker-0: Import Getting Started Content] INFO  o.e.m.j.i.AbstractJavaProjectConfigurator - Adding resource folder /Job_Portal/src/test/resources
2025-07-07 19:32:02,371 [Worker-0: Import Getting Started Content] INFO  o.e.m.c.i.p.ProjectConfigurationManager - Imported and configured 1 project(s) in 7 sec
2025-07-07 19:32:02,376 [Worker-0: Import Getting Started Content] INFO  o.e.m.c.i.p.ProjectConfigurationManager - Update started
2025-07-07 19:32:03,630 [Worker-0: Import Getting Started Content] INFO  o.e.m.c.i.l.LifecycleMappingFactory - Using org.eclipse.m2e.jdt.JarLifecycleMapping lifecycle mapping for MavenProject: com.jobportal:Job_Portal:1.0 @ D:\New folder\GITDEMO\Java Internship\Elevate_Internship_JOBPORTAL\Job_Portal\pom.xml.
2025-07-07 19:32:04,948 [Worker-0: Import Getting Started Content] INFO  o.e.m.j.i.AbstractJavaProjectConfigurator - Adding source folder /Job_Portal/src/main/java
2025-07-07 19:32:04,949 [Worker-0: Import Getting Started Content] INFO  o.e.m.j.i.AbstractJavaProjectConfigurator - Adding resource folder /Job_Portal/src/main/resources
2025-07-07 19:32:04,950 [Worker-0: Import Getting Started Content] INFO  o.e.m.j.i.AbstractJavaProjectConfigurator - Adding resource folder /Job_Portal/src/main/resources
2025-07-07 19:32:04,951 [Worker-0: Import Getting Started Content] INFO  o.e.m.j.i.AbstractJavaProjectConfigurator - Adding source folder /Job_Portal/src/test/java
2025-07-07 19:32:04,952 [Worker-0: Import Getting Started Content] INFO  o.e.m.j.i.AbstractJavaProjectConfigurator - Adding resource folder /Job_Portal/src/test/resources
2025-07-07 19:32:05,888 [Worker-0: Import Getting Started Content] INFO  o.e.m.c.i.p.ProjectConfigurationManager - Update completed for 1 poms: local refresh takes 0.00 sec, refresh facades takes 2.00 sec, update config takes 0.00 sec 
2025-07-07 19:36:31,262 [Worker-16: Import Getting Started Content] INFO  o.e.m.c.i.l.LifecycleMappingFactory - Using org.eclipse.m2e.jdt.JarLifecycleMapping lifecycle mapping for MavenProject: com.jobportal:Job_Portal:1.0 @ D:\New folder\GITDEMO\Java Internship\Elevate_Internship_JOBPORTAL\Job_Portal\pom.xml.
2025-07-07 19:36:33,831 [Worker-16: Import Getting Started Content] INFO  o.e.m.j.i.AbstractJavaProjectConfigurator - Adding source folder /Job_Portal/src/main/java
2025-07-07 19:36:33,832 [Worker-16: Import Getting Started Content] INFO  o.e.m.j.i.AbstractJavaProjectConfigurator - Adding resource folder /Job_Portal/src/main/resources
2025-07-07 19:36:33,839 [Worker-16: Import Getting Started Content] INFO  o.e.m.j.i.AbstractJavaProjectConfigurator - Adding resource folder /Job_Portal/src/main/resources
2025-07-07 19:36:33,847 [Worker-16: Import Getting Started Content] INFO  o.e.m.j.i.AbstractJavaProjectConfigurator - Adding source folder /Job_Portal/src/test/java
2025-07-07 19:36:33,848 [Worker-16: Import Getting Started Content] INFO  o.e.m.j.i.AbstractJavaProjectConfigurator - Adding resource folder /Job_Portal/src/test/resources
2025-07-07 19:36:34,731 [Worker-16: Import Getting Started Content] INFO  o.e.m.c.i.p.ProjectConfigurationManager - Imported and configured 1 project(s) in 4 sec
2025-07-07 19:36:34,733 [Worker-16: Import Getting Started Content] INFO  o.e.m.c.i.p.ProjectConfigurationManager - Update started
2025-07-07 19:36:35,586 [Worker-0: Download sources and javadoc] INFO  o.e.m.c.i.e.AbstractTransferListenerAdapter - Downloading https://repo.maven.apache.org/maven2/org/springframework/boot/spring-boot-starter-validation/3.5.3/spring-boot-starter-validation-3.5.3-sources.jar
2025-07-07 19:36:35,611 [Worker-0: Download sources and javadoc] INFO  o.e.m.c.i.e.AbstractTransferListenerAdapter - Downloaded https://repo.maven.apache.org/maven2/org/springframework/boot/spring-boot-starter-validation/3.5.3/spring-boot-starter-validation-3.5.3-sources.jar
2025-07-07 19:36:35,619 [Worker-0: Download sources and javadoc] INFO  o.e.m.j.internal.DownloadSourcesJob - Downloaded sources for org.springframework.boot:spring-boot-starter-validation:3.5.3
2025-07-07 19:36:35,651 [Worker-16: Import Getting Started Content] INFO  o.e.m.c.i.l.LifecycleMappingFactory - Using org.eclipse.m2e.jdt.JarLifecycleMapping lifecycle mapping for MavenProject: com.jobportal:Job_Portal:1.0 @ D:\New folder\GITDEMO\Java Internship\Elevate_Internship_JOBPORTAL\Job_Portal\pom.xml.
2025-07-07 19:36:35,817 [Worker-0: Download sources and javadoc] INFO  o.e.m.c.i.e.AbstractTransferListenerAdapter - Downloading https://repo.maven.apache.org/maven2/org/springframework/boot/spring-boot-starter-validation/3.5.3/spring-boot-starter-validation-3.5.3-javadoc.jar
2025-07-07 19:36:35,831 [Worker-0: Download sources and javadoc] INFO  o.e.m.c.i.e.AbstractTransferListenerAdapter - Downloaded https://repo.maven.apache.org/maven2/org/springframework/boot/spring-boot-starter-validation/3.5.3/spring-boot-starter-validation-3.5.3-javadoc.jar
2025-07-07 19:36:35,837 [Worker-0: Download sources and javadoc] INFO  o.e.m.j.internal.DownloadSourcesJob - Downloaded javadoc for org.springframework.boot:spring-boot-starter-validation:3.5.3
2025-07-07 19:36:37,318 [Worker-16: Import Getting Started Content] INFO  o.e.m.j.i.AbstractJavaProjectConfigurator - Adding source folder /Job_Portal/src/main/java
2025-07-07 19:36:37,319 [Worker-16: Import Getting Started Content] INFO  o.e.m.j.i.AbstractJavaProjectConfigurator - Adding resource folder /Job_Portal/src/main/resources
2025-07-07 19:36:37,319 [Worker-16: Import Getting Started Content] INFO  o.e.m.j.i.AbstractJavaProjectConfigurator - Adding resource folder /Job_Portal/src/main/resources
2025-07-07 19:36:37,320 [Worker-16: Import Getting Started Content] INFO  o.e.m.j.i.AbstractJavaProjectConfigurator - Adding source folder /Job_Portal/src/test/java
2025-07-07 19:36:37,321 [Worker-16: Import Getting Started Content] INFO  o.e.m.j.i.AbstractJavaProjectConfigurator - Adding resource folder /Job_Portal/src/test/resources
2025-07-07 19:36:38,564 [Worker-16: Import Getting Started Content] INFO  o.e.m.c.i.p.ProjectConfigurationManager - Update completed for 1 poms: local refresh takes 0.00 sec, refresh facades takes 2.00 sec, update config takes 1.00 sec 
2025-07-07 19:36:39,943 [Worker-19: Building] INFO  o.a.m.s.f.DefaultMavenResourcesFiltering - Copying 1 resource from src\main\resources to target\classes
2025-07-07 19:36:39,979 [Worker-19: Building] INFO  o.a.m.s.f.DefaultMavenResourcesFiltering - Copying 0 resource from src\main\resources to target\classes
2025-07-07 19:36:39,986 [Worker-19: Building] INFO  o.a.m.s.f.DefaultMavenResourcesFiltering - skip non existing resourceDirectory D:\New folder\GITDEMO\Java Internship\Elevate_Internship_JOBPORTAL\Job_Portal\src\test\resources
2025-07-07 19:40:32,584 [Worker-20: Building] INFO  o.a.m.s.f.DefaultMavenResourcesFiltering - Copying 1 resource from src\main\resources to target\classes
2025-07-07 19:40:32,594 [Worker-20: Building] INFO  o.a.m.s.f.DefaultMavenResourcesFiltering - Copying 0 resource from src\main\resources to target\classes
2025-07-07 19:40:32,600 [Worker-20: Building] INFO  o.a.m.s.f.DefaultMavenResourcesFiltering - skip non existing resourceDirectory D:\New folder\GITDEMO\Java Internship\Elevate_Internship_JOBPORTAL\Job_Portal\src\test\resources
2025-07-07 19:40:44,993 [Start Help Server] INFO  org.eclipse.jetty.server.Server - jetty-12.0.16; built: 2024-12-09T21:02:54.535Z; git: c3f88bafb4e393f23204dc14dc57b042e84debc7; jvm 22+36-2370
2025-07-07 19:40:45,190 [Start Help Server] INFO  o.e.j.server.handler.ContextHandler - Started oeje8n.ContextHandler$CoreContextHandler@6b7e126d{/help,/help,b=null,a=AVAILABLE,h=oeje8n.ContextHandler$CoreContextHandler$CoreToNestedHandler@21cd4101{STARTED}}
2025-07-07 19:40:45,192 [Start Help Server] INFO  o.e.j.s.DefaultSessionIdManager - Session workerName=node0
2025-07-07 19:40:45,227 [Start Help Server] INFO  o.e.jetty.server.AbstractConnector - Started ServerConnector@449a0254{HTTP/1.1, (http/1.1)}{127.0.0.1:50071}
2025-07-07 19:40:45,233 [Start Help Server] INFO  org.eclipse.jetty.server.Server - Started oejs.Server@74c61b89{STARTING}[12.0.16,sto=0] @947882ms
2025-07-07 19:44:38,796 [Worker-22: Building] INFO  o.a.m.s.f.DefaultMavenResourcesFiltering - Copying 1 resource from src\main\resources to target\classes
2025-07-07 19:44:38,803 [Worker-22: Building] INFO  o.a.m.s.f.DefaultMavenResourcesFiltering - Copying 0 resource from src\main\resources to target\classes
2025-07-07 19:44:38,809 [Worker-22: Building] INFO  o.a.m.s.f.DefaultMavenResourcesFiltering - skip non existing resourceDirectory D:\New folder\GITDEMO\Java Internship\Elevate_Internship_JOBPORTAL\Job_Portal\src\test\resources
2025-07-07 19:53:16,639 [Worker-26: Building] INFO  o.a.m.s.f.DefaultMavenResourcesFiltering - Copying 1 resource from src\main\resources to target\classes
2025-07-07 19:53:16,653 [Worker-26: Building] INFO  o.a.m.s.f.DefaultMavenResourcesFiltering - Copying 0 resource from src\main\resources to target\classes
2025-07-07 19:53:16,658 [Worker-26: Building] INFO  o.a.m.s.f.DefaultMavenResourcesFiltering - skip non existing resourceDirectory D:\New folder\GITDEMO\Java Internship\Elevate_Internship_JOBPORTAL\Job_Portal\src\test\resources
2025-07-07 20:06:31,793 [Worker-32: Building] INFO  o.a.m.s.f.DefaultMavenResourcesFiltering - Copying 1 resource from src\main\resources to target\classes
2025-07-07 20:06:31,827 [Worker-32: Building] INFO  o.a.m.s.f.DefaultMavenResourcesFiltering - Copying 0 resource from src\main\resources to target\classes
2025-07-07 20:06:31,851 [Worker-32: Building] INFO  o.a.m.s.f.DefaultMavenResourcesFiltering - skip non existing resourceDirectory D:\New folder\GITDEMO\Java Internship\Elevate_Internship_JOBPORTAL\Job_Portal\src\test\resources
2025-07-07 20:06:33,484 [Stop Help Server] INFO  org.eclipse.jetty.server.Server - Stopped oejs.Server@74c61b89{STOPPING}[12.0.16,sto=0]
2025-07-07 20:06:33,488 [Stop Help Server] INFO  o.e.jetty.server.AbstractConnector - Stopped ServerConnector@449a0254{HTTP/1.1, (http/1.1)}{127.0.0.1:0}
2025-07-07 20:50:05,093 [Worker-2: Loading available Gradle versions] INFO  o.e.b.c.i.u.g.PublishedGradleVersions - Gradle version information cache is not available. Remote download required.
2025-07-07 21:59:51,362 [Worker-27: Building] INFO  o.a.m.s.f.DefaultMavenResourcesFiltering - Copying 1 resource from src\main\resources to target\classes
2025-07-07 21:59:51,406 [Worker-27: Building] INFO  o.a.m.s.f.DefaultMavenResourcesFiltering - Copying 0 resource from src\main\resources to target\classes
2025-07-07 21:59:51,414 [Worker-27: Building] INFO  o.a.m.s.f.DefaultMavenResourcesFiltering - skip non existing resourceDirectory D:\New folder\GITDEMO\Java Internship\Elevate_Internship_JOBPORTAL\Job_Portal\src\test\resources
2025-07-12 12:12:19,746 [Worker-2: Loading available Gradle versions] INFO  o.e.b.c.i.u.g.PublishedGradleVersions - Gradle version information cache is not available. Remote download required.
2025-07-12 12:12:55,783 [Start Help Server] INFO  org.eclipse.jetty.server.Server - jetty-12.0.16; built: 2024-12-09T21:02:54.535Z; git: c3f88bafb4e393f23204dc14dc57b042e84debc7; jvm 22+36-2370
2025-07-12 12:12:55,911 [Start Help Server] INFO  o.e.j.server.handler.ContextHandler - Started oeje8n.ContextHandler$CoreContextHandler@25a00871{/help,/help,b=null,a=AVAILABLE,h=oeje8n.ContextHandler$CoreContextHandler$CoreToNestedHandler@2a4f0824{STARTED}}
2025-07-12 12:12:55,912 [Start Help Server] INFO  o.e.j.s.DefaultSessionIdManager - Session workerName=node0
2025-07-12 12:12:55,958 [Start Help Server] INFO  o.e.jetty.server.AbstractConnector - Started ServerConnector@7751f600{HTTP/1.1, (http/1.1)}{127.0.0.1:49725}
2025-07-12 12:12:55,968 [Start Help Server] INFO  org.eclipse.jetty.server.Server - Started oejs.Server@67bceae1{STARTING}[12.0.16,sto=0] @63695ms
2025-07-12 12:13:27,653 [Worker-13: Building] INFO  o.a.m.s.f.DefaultMavenResourcesFiltering - Copying 1 resource from src\main\resources to target\classes
2025-07-12 12:13:27,695 [Worker-13: Building] INFO  o.a.m.s.f.DefaultMavenResourcesFiltering - Copying 0 resource from src\main\resources to target\classes
2025-07-12 12:13:27,714 [Worker-13: Building] INFO  o.a.m.s.f.DefaultMavenResourcesFiltering - skip non existing resourceDirectory D:\New folder\GITDEMO\Java Internship\Elevate_Internship_JOBPORTAL\Job_Portal\src\test\resources
2025-07-12 12:16:09,162 [Worker-3: Building] INFO  o.a.m.s.f.DefaultMavenResourcesFiltering - Copying 1 resource from src\main\resources to target\classes
2025-07-12 12:16:09,170 [Worker-3: Building] INFO  o.a.m.s.f.DefaultMavenResourcesFiltering - Copying 0 resource from src\main\resources to target\classes
2025-07-12 12:16:09,175 [Worker-3: Building] INFO  o.a.m.s.f.DefaultMavenResourcesFiltering - skip non existing resourceDirectory D:\New folder\GITDEMO\Java Internship\Elevate_Internship_JOBPORTAL\Job_Portal\src\test\resources
2025-07-12 12:17:23,902 [Worker-0: Building] INFO  o.a.m.s.f.DefaultMavenResourcesFiltering - Copying 1 resource from src\main\resources to target\classes
2025-07-12 12:17:23,926 [Worker-0: Building] INFO  o.a.m.s.f.DefaultMavenResourcesFiltering - Copying 0 resource from src\main\resources to target\classes
2025-07-12 12:17:23,934 [Worker-0: Building] INFO  o.a.m.s.f.DefaultMavenResourcesFiltering - skip non existing resourceDirectory D:\New folder\GITDEMO\Java Internship\Elevate_Internship_JOBPORTAL\Job_Portal\src\test\resources
2025-07-12 12:18:18,856 [Worker-3: Building] INFO  o.a.m.s.f.DefaultMavenResourcesFiltering - Copying 1 resource from src\main\resources to target\classes
2025-07-12 12:18:18,863 [Worker-3: Building] INFO  o.a.m.s.f.DefaultMavenResourcesFiltering - Copying 0 resource from src\main\resources to target\classes
2025-07-12 12:18:18,871 [Worker-3: Building] INFO  o.a.m.s.f.DefaultMavenResourcesFiltering - skip non existing resourceDirectory D:\New folder\GITDEMO\Java Internship\Elevate_Internship_JOBPORTAL\Job_Portal\src\test\resources
2025-07-12 12:23:09,338 [Worker-12: Building] INFO  o.a.m.s.f.DefaultMavenResourcesFiltering - Copying 1 resource from src\main\resources to target\classes
2025-07-12 12:23:09,347 [Worker-12: Building] INFO  o.a.m.s.f.DefaultMavenResourcesFiltering - Copying 0 resource from src\main\resources to target\classes
2025-07-12 12:23:09,352 [Worker-12: Building] INFO  o.a.m.s.f.DefaultMavenResourcesFiltering - skip non existing resourceDirectory D:\New folder\GITDEMO\Java Internship\Elevate_Internship_JOBPORTAL\Job_Portal\src\test\resources
2025-07-12 12:23:12,359 [Worker-12: Building] INFO  o.a.m.s.f.DefaultMavenResourcesFiltering - Copying 1 resource from src\main\resources to target\classes
2025-07-12 12:23:12,366 [Worker-12: Building] INFO  o.a.m.s.f.DefaultMavenResourcesFiltering - Copying 0 resource from src\main\resources to target\classes
2025-07-12 12:23:12,371 [Worker-12: Building] INFO  o.a.m.s.f.DefaultMavenResourcesFiltering - skip non existing resourceDirectory D:\New folder\GITDEMO\Java Internship\Elevate_Internship_JOBPORTAL\Job_Portal\src\test\resources
2025-07-12 12:23:15,332 [Worker-17: Building] INFO  o.a.m.s.f.DefaultMavenResourcesFiltering - Copying 1 resource from src\main\resources to target\classes
2025-07-12 12:23:15,339 [Worker-17: Building] INFO  o.a.m.s.f.DefaultMavenResourcesFiltering - Copying 0 resource from src\main\resources to target\classes
2025-07-12 12:23:15,344 [Worker-17: Building] INFO  o.a.m.s.f.DefaultMavenResourcesFiltering - skip non existing resourceDirectory D:\New folder\GITDEMO\Java Internship\Elevate_Internship_JOBPORTAL\Job_Portal\src\test\resources
2025-07-12 13:39:45,726 [Worker-28: Building] INFO  o.a.m.s.f.DefaultMavenResourcesFiltering - Copying 1 resource from src\main\resources to target\classes
2025-07-12 13:39:45,768 [Worker-28: Building] INFO  o.a.m.s.f.DefaultMavenResourcesFiltering - Copying 0 resource from src\main\resources to target\classes
2025-07-12 13:39:45,779 [Worker-28: Building] INFO  o.a.m.s.f.DefaultMavenResourcesFiltering - skip non existing resourceDirectory D:\New folder\GITDEMO\Java Internship\Elevate_Internship_JOBPORTAL\Job_Portal\src\test\resources
2025-07-12 13:43:08,062 [Worker-30: Building] INFO  o.a.m.s.f.DefaultMavenResourcesFiltering - Copying 1 resource from src\main\resources to target\classes
2025-07-12 13:43:08,074 [Worker-30: Building] INFO  o.a.m.s.f.DefaultMavenResourcesFiltering - Copying 0 resource from src\main\resources to target\classes
2025-07-12 13:43:08,088 [Worker-30: Building] INFO  o.a.m.s.f.DefaultMavenResourcesFiltering - skip non existing resourceDirectory D:\New folder\GITDEMO\Java Internship\Elevate_Internship_JOBPORTAL\Job_Portal\src\test\resources
2025-07-12 13:45:14,598 [Worker-31: Building] INFO  o.a.m.s.f.DefaultMavenResourcesFiltering - Copying 1 resource from src\main\resources to target\classes
2025-07-12 13:45:14,626 [Worker-31: Building] INFO  o.a.m.s.f.DefaultMavenResourcesFiltering - Copying 0 resource from src\main\resources to target\classes
2025-07-12 13:45:14,632 [Worker-31: Building] INFO  o.a.m.s.f.DefaultMavenResourcesFiltering - skip non existing resourceDirectory D:\New folder\GITDEMO\Java Internship\Elevate_Internship_JOBPORTAL\Job_Portal\src\test\resources
2025-07-12 13:54:01,489 [Worker-33: Building] INFO  o.a.m.s.f.DefaultMavenResourcesFiltering - Copying 1 resource from src\main\resources to target\classes
2025-07-12 13:54:01,498 [Worker-33: Building] INFO  o.a.m.s.f.DefaultMavenResourcesFiltering - Copying 0 resource from src\main\resources to target\classes
2025-07-12 13:54:01,504 [Worker-33: Building] INFO  o.a.m.s.f.DefaultMavenResourcesFiltering - skip non existing resourceDirectory D:\New folder\GITDEMO\Java Internship\Elevate_Internship_JOBPORTAL\Job_Portal\src\test\resources
2025-07-12 13:57:11,138 [Worker-34: Building] INFO  o.a.m.s.f.DefaultMavenResourcesFiltering - Copying 1 resource from src\main\resources to target\classes
2025-07-12 13:57:11,160 [Worker-34: Building] INFO  o.a.m.s.f.DefaultMavenResourcesFiltering - Copying 0 resource from src\main\resources to target\classes
2025-07-12 13:57:11,166 [Worker-34: Building] INFO  o.a.m.s.f.DefaultMavenResourcesFiltering - skip non existing resourceDirectory D:\New folder\GITDEMO\Java Internship\Elevate_Internship_JOBPORTAL\Job_Portal\src\test\resources
2025-07-12 14:03:16,463 [Worker-37: Building] INFO  o.a.m.s.f.DefaultMavenResourcesFiltering - Copying 1 resource from src\main\resources to target\classes
2025-07-12 14:03:16,469 [Worker-37: Building] INFO  o.a.m.s.f.DefaultMavenResourcesFiltering - Copying 0 resource from src\main\resources to target\classes
2025-07-12 14:03:16,477 [Worker-37: Building] INFO  o.a.m.s.f.DefaultMavenResourcesFiltering - skip non existing resourceDirectory D:\New folder\GITDEMO\Java Internship\Elevate_Internship_JOBPORTAL\Job_Portal\src\test\resources
2025-07-12 14:04:10,878 [Worker-38: Building] INFO  o.a.m.s.f.DefaultMavenResourcesFiltering - Copying 1 resource from src\main\resources to target\classes
2025-07-12 14:04:10,884 [Worker-38: Building] INFO  o.a.m.s.f.DefaultMavenResourcesFiltering - Copying 0 resource from src\main\resources to target\classes
2025-07-12 14:04:10,890 [Worker-38: Building] INFO  o.a.m.s.f.DefaultMavenResourcesFiltering - skip non existing resourceDirectory D:\New folder\GITDEMO\Java Internship\Elevate_Internship_JOBPORTAL\Job_Portal\src\test\resources
2025-07-12 14:04:16,526 [Worker-37: Building] INFO  o.a.m.s.f.DefaultMavenResourcesFiltering - Copying 1 resource from src\main\resources to target\classes
2025-07-12 14:04:16,541 [Worker-37: Building] INFO  o.a.m.s.f.DefaultMavenResourcesFiltering - Copying 0 resource from src\main\resources to target\classes
2025-07-12 14:04:16,556 [Worker-37: Building] INFO  o.a.m.s.f.DefaultMavenResourcesFiltering - skip non existing resourceDirectory D:\New folder\GITDEMO\Java Internship\Elevate_Internship_JOBPORTAL\Job_Portal\src\test\resources
2025-07-12 14:05:09,681 [Worker-38: Building] INFO  o.a.m.s.f.DefaultMavenResourcesFiltering - Copying 1 resource from src\main\resources to target\classes
2025-07-12 14:05:09,687 [Worker-38: Building] INFO  o.a.m.s.f.DefaultMavenResourcesFiltering - Copying 0 resource from src\main\resources to target\classes
2025-07-12 14:05:09,692 [Worker-38: Building] INFO  o.a.m.s.f.DefaultMavenResourcesFiltering - skip non existing resourceDirectory D:\New folder\GITDEMO\Java Internship\Elevate_Internship_JOBPORTAL\Job_Portal\src\test\resources
2025-07-12 14:08:29,187 [Worker-42: Building] INFO  o.a.m.s.f.DefaultMavenResourcesFiltering - Copying 1 resource from src\main\resources to target\classes
2025-07-12 14:08:29,195 [Worker-42: Building] INFO  o.a.m.s.f.DefaultMavenResourcesFiltering - Copying 0 resource from src\main\resources to target\classes
2025-07-12 14:08:29,205 [Worker-42: Building] INFO  o.a.m.s.f.DefaultMavenResourcesFiltering - skip non existing resourceDirectory D:\New folder\GITDEMO\Java Internship\Elevate_Internship_JOBPORTAL\Job_Portal\src\test\resources
2025-07-12 14:18:25,723 [Worker-32: Building] INFO  o.a.m.s.f.DefaultMavenResourcesFiltering - Copying 1 resource from src\main\resources to target\classes
2025-07-12 14:18:25,725 [Worker-32: Building] INFO  o.a.m.s.f.DefaultMavenResourcesFiltering - Copying 0 resource from src\main\resources to target\classes
2025-07-12 14:18:25,765 [Worker-32: Building] INFO  o.a.m.s.f.DefaultMavenResourcesFiltering - skip non existing resourceDirectory D:\New folder\GITDEMO\Java Internship\Elevate_Internship_JOBPORTAL\Job_Portal\src\test\resources
2025-07-12 14:18:48,001 [Worker-44: Building] INFO  o.a.m.s.f.DefaultMavenResourcesFiltering - Copying 1 resource from src\main\resources to target\classes
2025-07-12 14:18:48,003 [Worker-44: Building] INFO  o.a.m.s.f.DefaultMavenResourcesFiltering - Copying 0 resource from src\main\resources to target\classes
2025-07-12 14:18:48,008 [Worker-44: Building] INFO  o.a.m.s.f.DefaultMavenResourcesFiltering - skip non existing resourceDirectory D:\New folder\GITDEMO\Java Internship\Elevate_Internship_JOBPORTAL\Job_Portal\src\test\resources
2025-07-12 14:19:12,578 [Worker-41: Building] INFO  o.a.m.s.f.DefaultMavenResourcesFiltering - Copying 1 resource from src\main\resources to target\classes
2025-07-12 14:19:12,587 [Worker-41: Building] INFO  o.a.m.s.f.DefaultMavenResourcesFiltering - Copying 0 resource from src\main\resources to target\classes
2025-07-12 14:19:12,593 [Worker-41: Building] INFO  o.a.m.s.f.DefaultMavenResourcesFiltering - skip non existing resourceDirectory D:\New folder\GITDEMO\Java Internship\Elevate_Internship_JOBPORTAL\Job_Portal\src\test\resources
2025-07-12 14:20:01,323 [Worker-32: Building] INFO  o.a.m.s.f.DefaultMavenResourcesFiltering - Copying 1 resource from src\main\resources to target\classes
2025-07-12 14:20:01,333 [Worker-32: Building] INFO  o.a.m.s.f.DefaultMavenResourcesFiltering - Copying 0 resource from src\main\resources to target\classes
2025-07-12 14:20:01,360 [Worker-32: Building] INFO  o.a.m.s.f.DefaultMavenResourcesFiltering - skip non existing resourceDirectory D:\New folder\GITDEMO\Java Internship\Elevate_Internship_JOBPORTAL\Job_Portal\src\test\resources
2025-07-12 14:25:56,432 [Worker-41: Building] INFO  o.a.m.s.f.DefaultMavenResourcesFiltering - Copying 1 resource from src\main\resources to target\classes
2025-07-12 14:25:56,440 [Worker-41: Building] INFO  o.a.m.s.f.DefaultMavenResourcesFiltering - Copying 0 resource from src\main\resources to target\classes
2025-07-12 14:25:56,445 [Worker-41: Building] INFO  o.a.m.s.f.DefaultMavenResourcesFiltering - skip non existing resourceDirectory D:\New folder\GITDEMO\Java Internship\Elevate_Internship_JOBPORTAL\Job_Portal\src\test\resources
2025-07-12 14:27:07,036 [Worker-47: Building] INFO  o.a.m.s.f.DefaultMavenResourcesFiltering - Copying 1 resource from src\main\resources to target\classes
2025-07-12 14:27:07,043 [Worker-47: Building] INFO  o.a.m.s.f.DefaultMavenResourcesFiltering - Copying 0 resource from src\main\resources to target\classes
2025-07-12 14:27:07,047 [Worker-47: Building] INFO  o.a.m.s.f.DefaultMavenResourcesFiltering - skip non existing resourceDirectory D:\New folder\GITDEMO\Java Internship\Elevate_Internship_JOBPORTAL\Job_Portal\src\test\resources
2025-07-12 14:27:09,866 [Worker-45: Building] INFO  o.a.m.s.f.DefaultMavenResourcesFiltering - Copying 1 resource from src\main\resources to target\classes
2025-07-12 14:27:09,873 [Worker-45: Building] INFO  o.a.m.s.f.DefaultMavenResourcesFiltering - Copying 0 resource from src\main\resources to target\classes
2025-07-12 14:27:09,877 [Worker-45: Building] INFO  o.a.m.s.f.DefaultMavenResourcesFiltering - skip non existing resourceDirectory D:\New folder\GITDEMO\Java Internship\Elevate_Internship_JOBPORTAL\Job_Portal\src\test\resources
2025-07-12 14:27:15,605 [Worker-45: Building] INFO  o.a.m.s.f.DefaultMavenResourcesFiltering - Copying 1 resource from src\main\resources to target\classes
2025-07-12 14:27:15,652 [Worker-45: Building] INFO  o.a.m.s.f.DefaultMavenResourcesFiltering - Copying 0 resource from src\main\resources to target\classes
2025-07-12 14:27:15,659 [Worker-45: Building] INFO  o.a.m.s.f.DefaultMavenResourcesFiltering - skip non existing resourceDirectory D:\New folder\GITDEMO\Java Internship\Elevate_Internship_JOBPORTAL\Job_Portal\src\test\resources
2025-07-12 14:27:50,602 [Worker-47: Building] INFO  o.a.m.s.f.DefaultMavenResourcesFiltering - Copying 1 resource from src\main\resources to target\classes
2025-07-12 14:27:50,609 [Worker-47: Building] INFO  o.a.m.s.f.DefaultMavenResourcesFiltering - Copying 0 resource from src\main\resources to target\classes
2025-07-12 14:27:50,614 [Worker-47: Building] INFO  o.a.m.s.f.DefaultMavenResourcesFiltering - skip non existing resourceDirectory D:\New folder\GITDEMO\Java Internship\Elevate_Internship_JOBPORTAL\Job_Portal\src\test\resources
2025-07-12 14:27:53,826 [Worker-45: Building] INFO  o.a.m.s.f.DefaultMavenResourcesFiltering - Copying 1 resource from src\main\resources to target\classes
2025-07-12 14:27:53,832 [Worker-45: Building] INFO  o.a.m.s.f.DefaultMavenResourcesFiltering - Copying 0 resource from src\main\resources to target\classes
2025-07-12 14:27:53,836 [Worker-45: Building] INFO  o.a.m.s.f.DefaultMavenResourcesFiltering - skip non existing resourceDirectory D:\New folder\GITDEMO\Java Internship\Elevate_Internship_JOBPORTAL\Job_Portal\src\test\resources
2025-07-12 14:41:57,389 [Worker-49: Building] INFO  o.a.m.s.f.DefaultMavenResourcesFiltering - Copying 1 resource from src\main\resources to target\classes
2025-07-12 14:41:57,396 [Worker-49: Building] INFO  o.a.m.s.f.DefaultMavenResourcesFiltering - Copying 0 resource from src\main\resources to target\classes
2025-07-12 14:41:57,401 [Worker-49: Building] INFO  o.a.m.s.f.DefaultMavenResourcesFiltering - skip non existing resourceDirectory D:\New folder\GITDEMO\Java Internship\Elevate_Internship_JOBPORTAL\Job_Portal\src\test\resources
2025-07-12 14:41:59,815 [Stop Help Server] INFO  org.eclipse.jetty.server.Server - Stopped oejs.Server@67bceae1{STOPPING}[12.0.16,sto=0]
2025-07-12 14:41:59,835 [Stop Help Server] INFO  o.e.jetty.server.AbstractConnector - Stopped ServerConnector@7751f600{HTTP/1.1, (http/1.1)}{127.0.0.1:0}
2025-07-12 20:31:49,462 [Worker-1: Loading available Gradle versions] INFO  o.e.b.c.i.u.g.PublishedGradleVersions - Gradle version information cache is not available. Remote download required.
2025-07-12 20:34:40,409 [Start Help Server] INFO  org.eclipse.jetty.server.Server - jetty-12.0.16; built: 2024-12-09T21:02:54.535Z; git: c3f88bafb4e393f23204dc14dc57b042e84debc7; jvm 22+36-2370
2025-07-12 20:34:40,531 [Start Help Server] INFO  o.e.j.server.handler.ContextHandler - Started oeje8n.ContextHandler$CoreContextHandler@6d67446c{/help,/help,b=null,a=AVAILABLE,h=oeje8n.ContextHandler$CoreContextHandler$CoreToNestedHandler@4c17668a{STARTED}}
2025-07-12 20:34:40,532 [Start Help Server] INFO  o.e.j.s.DefaultSessionIdManager - Session workerName=node0
2025-07-12 20:34:40,591 [Start Help Server] INFO  o.e.jetty.server.AbstractConnector - Started ServerConnector@7e60f68{HTTP/1.1, (http/1.1)}{127.0.0.1:49974}
2025-07-12 20:34:40,600 [Start Help Server] INFO  org.eclipse.jetty.server.Server - Started oejs.Server@2cdc3a00{STARTING}[12.0.16,sto=0] @233981ms
2025-07-12 20:46:19,819 [Worker-13: Building] INFO  o.a.m.s.f.DefaultMavenResourcesFiltering - Copying 1 resource from src\main\resources to target\classes
2025-07-12 20:46:19,982 [Worker-13: Building] INFO  o.a.m.s.f.DefaultMavenResourcesFiltering - Copying 0 resource from src\main\resources to target\classes
2025-07-12 20:46:20,015 [Worker-13: Building] INFO  o.a.m.s.f.DefaultMavenResourcesFiltering - skip non existing resourceDirectory D:\New folder\GITDEMO\Java Internship\Elevate_Internship_JOBPORTAL\Job_Portal\src\test\resources
2025-07-12 20:48:46,052 [Worker-17: Building] INFO  o.a.m.s.f.DefaultMavenResourcesFiltering - Copying 1 resource from src\main\resources to target\classes
2025-07-12 20:48:46,066 [Worker-17: Building] INFO  o.a.m.s.f.DefaultMavenResourcesFiltering - Copying 0 resource from src\main\resources to target\classes
2025-07-12 20:48:46,072 [Worker-17: Building] INFO  o.a.m.s.f.DefaultMavenResourcesFiltering - skip non existing resourceDirectory D:\New folder\GITDEMO\Java Internship\Elevate_Internship_JOBPORTAL\Job_Portal\src\test\resources
2025-07-12 21:17:28,014 [Worker-22: Launching Job_Portal - JobPortalApplication] INFO  o.a.m.s.f.DefaultMavenResourcesFiltering - Copying 1 resource from src\main\resources to target\classes
2025-07-12 21:17:28,026 [Worker-22: Launching Job_Portal - JobPortalApplication] INFO  o.a.m.s.f.DefaultMavenResourcesFiltering - Copying 0 resource from src\main\resources to target\classes
2025-07-12 21:17:28,033 [Worker-22: Launching Job_Portal - JobPortalApplication] INFO  o.a.m.s.f.DefaultMavenResourcesFiltering - skip non existing resourceDirectory D:\New folder\GITDEMO\Java Internship\Elevate_Internship_JOBPORTAL\Job_Portal\src\test\resources
2025-07-12 21:19:00,887 [Worker-32: Launching Job_Portal - JobPortalApplication] INFO  o.a.m.s.f.DefaultMavenResourcesFiltering - Copying 1 resource from src\main\resources to target\classes
2025-07-12 21:19:00,913 [Worker-32: Launching Job_Portal - JobPortalApplication] INFO  o.a.m.s.f.DefaultMavenResourcesFiltering - Copying 0 resource from src\main\resources to target\classes
2025-07-12 21:19:00,920 [Worker-32: Launching Job_Portal - JobPortalApplication] INFO  o.a.m.s.f.DefaultMavenResourcesFiltering - skip non existing resourceDirectory D:\New folder\GITDEMO\Java Internship\Elevate_Internship_JOBPORTAL\Job_Portal\src\test\resources
2025-07-12 21:19:39,446 [Worker-28: Launching Job_Portal - JobPortalApplication] INFO  o.a.m.s.f.DefaultMavenResourcesFiltering - Copying 1 resource from src\main\resources to target\classes
2025-07-12 21:19:39,459 [Worker-28: Launching Job_Portal - JobPortalApplication] INFO  o.a.m.s.f.DefaultMavenResourcesFiltering - Copying 0 resource from src\main\resources to target\classes
2025-07-12 21:19:39,465 [Worker-28: Launching Job_Portal - JobPortalApplication] INFO  o.a.m.s.f.DefaultMavenResourcesFiltering - skip non existing resourceDirectory D:\New folder\GITDEMO\Java Internship\Elevate_Internship_JOBPORTAL\Job_Portal\src\test\resources
2025-07-12 21:22:08,100 [Worker-39: Launching Job_Portal - JobPortalApplication] INFO  o.a.m.s.f.DefaultMavenResourcesFiltering - Copying 1 resource from src\main\resources to target\classes
2025-07-12 21:22:08,117 [Worker-39: Launching Job_Portal - JobPortalApplication] INFO  o.a.m.s.f.DefaultMavenResourcesFiltering - Copying 0 resource from src\main\resources to target\classes
2025-07-12 21:22:08,123 [Worker-39: Launching Job_Portal - JobPortalApplication] INFO  o.a.m.s.f.DefaultMavenResourcesFiltering - skip non existing resourceDirectory D:\New folder\GITDEMO\Java Internship\Elevate_Internship_JOBPORTAL\Job_Portal\src\test\resources
2025-07-12 21:36:22,985 [Worker-22: Launching Job_Portal - JobPortalApplication] INFO  o.a.m.s.f.DefaultMavenResourcesFiltering - Copying 1 resource from src\main\resources to target\classes
2025-07-12 21:36:22,993 [Worker-22: Launching Job_Portal - JobPortalApplication] INFO  o.a.m.s.f.DefaultMavenResourcesFiltering - Copying 0 resource from src\main\resources to target\classes
2025-07-12 21:36:23,000 [Worker-22: Launching Job_Portal - JobPortalApplication] INFO  o.a.m.s.f.DefaultMavenResourcesFiltering - skip non existing resourceDirectory D:\New folder\GITDEMO\Java Internship\Elevate_Internship_JOBPORTAL\Job_Portal\src\test\resources
2025-07-12 21:40:06,707 [Worker-31: Building] INFO  o.a.m.s.f.DefaultMavenResourcesFiltering - Copying 1 resource from src\main\resources to target\classes
2025-07-12 21:40:06,716 [Worker-31: Building] INFO  o.a.m.s.f.DefaultMavenResourcesFiltering - Copying 0 resource from src\main\resources to target\classes
2025-07-12 21:40:06,721 [Worker-31: Building] INFO  o.a.m.s.f.DefaultMavenResourcesFiltering - skip non existing resourceDirectory D:\New folder\GITDEMO\Java Internship\Elevate_Internship_JOBPORTAL\Job_Portal\src\test\resources
2025-07-12 21:41:34,422 [Worker-44: Launching Job_Portal - JobPortalApplication] INFO  o.a.m.s.f.DefaultMavenResourcesFiltering - Copying 1 resource from src\main\resources to target\classes
2025-07-12 21:41:34,430 [Worker-44: Launching Job_Portal - JobPortalApplication] INFO  o.a.m.s.f.DefaultMavenResourcesFiltering - Copying 0 resource from src\main\resources to target\classes
2025-07-12 21:41:34,436 [Worker-44: Launching Job_Portal - JobPortalApplication] INFO  o.a.m.s.f.DefaultMavenResourcesFiltering - skip non existing resourceDirectory D:\New folder\GITDEMO\Java Internship\Elevate_Internship_JOBPORTAL\Job_Portal\src\test\resources
2025-07-12 21:47:10,487 [Worker-38: Launching Job_Portal - JobPortalApplication] INFO  o.a.m.s.f.DefaultMavenResourcesFiltering - Copying 1 resource from src\main\resources to target\classes
2025-07-12 21:47:10,495 [Worker-38: Launching Job_Portal - JobPortalApplication] INFO  o.a.m.s.f.DefaultMavenResourcesFiltering - Copying 0 resource from src\main\resources to target\classes
2025-07-12 21:47:10,502 [Worker-38: Launching Job_Portal - JobPortalApplication] INFO  o.a.m.s.f.DefaultMavenResourcesFiltering - skip non existing resourceDirectory D:\New folder\GITDEMO\Java Internship\Elevate_Internship_JOBPORTAL\Job_Portal\src\test\resources
2025-07-12 21:49:38,882 [Worker-35: Launching Job_Portal - JobPortalApplication] INFO  o.a.m.s.f.DefaultMavenResourcesFiltering - Copying 1 resource from src\main\resources to target\classes
2025-07-12 21:49:38,924 [Worker-35: Launching Job_Portal - JobPortalApplication] INFO  o.a.m.s.f.DefaultMavenResourcesFiltering - Copying 0 resource from src\main\resources to target\classes
2025-07-12 21:49:38,930 [Worker-35: Launching Job_Portal - JobPortalApplication] INFO  o.a.m.s.f.DefaultMavenResourcesFiltering - skip non existing resourceDirectory D:\New folder\GITDEMO\Java Internship\Elevate_Internship_JOBPORTAL\Job_Portal\src\test\resources
2025-07-12 21:50:07,196 [Stop Help Server] INFO  org.eclipse.jetty.server.Server - Stopped oejs.Server@2cdc3a00{STOPPING}[12.0.16,sto=0]
2025-07-12 21:50:07,203 [Stop Help Server] INFO  o.e.jetty.server.AbstractConnector - Stopped ServerConnector@7e60f68{HTTP/1.1, (http/1.1)}{127.0.0.1:0}
